Release 14.6 - xst P.68d (nt64)
Copyright (c) 1995-2013 Xilinx, Inc.  All rights reserved.
--> Parameter TMPDIR set to xst/projnav.tmp


Total REAL time to Xst completion: 1.00 secs
Total CPU time to Xst completion: 0.26 secs
 
--> Parameter xsthdpdir set to xst


Total REAL time to Xst completion: 1.00 secs
Total CPU time to Xst completion: 0.26 secs
 
--> Reading design: clock_divider.prj

TABLE OF CONTENTS
  1) Synthesis Options Summary
  2) HDL Compilation
  3) Design Hierarchy Analysis
  4) HDL Analysis
  5) HDL Synthesis
     5.1) HDL Synthesis Report
  6) Advanced HDL Synthesis
     6.1) Advanced HDL Synthesis Report
  7) Low Level Synthesis
  8) Partition Report
  9) Final Report
	9.1) Device utilization summary
	9.2) Partition Resource Summary
	9.3) TIMING REPORT


=========================================================================
*                      Synthesis Options Summary                        *
=========================================================================
---- Source Parameters
Input File Name                    : "clock_divider.prj"
Input Format                       : mixed
Ignore Synthesis Constraint File   : NO

---- Target Parameters
Output File Name                   : "clock_divider"
Output Format                      : NGC
Target Device                      : xc3s100e-5-cp132

---- Source Options
Top Module Name                    : clock_divider
Automatic FSM Extraction           : YES
FSM Encoding Algorithm             : Auto
Safe Implementation                : No
FSM Style                          : LUT
RAM Extraction                     : Yes
RAM Style                          : Auto
ROM Extraction                     : Yes
Mux Style                          : Auto
Decoder Extraction                 : YES
Priority Encoder Extraction        : Yes
Shift Register Extraction          : YES
Logical Shifter Extraction         : YES
XOR Collapsing                     : YES
ROM Style                          : Auto
Mux Extraction                     : Yes
Resource Sharing                   : YES
Asynchronous To Synchronous        : NO
Multiplier Style                   : Auto
Automatic Register Balancing       : No

---- Target Options
Add IO Buffers                     : YES
Global Maximum Fanout              : 100000
Add Generic Clock Buffer(BUFG)     : 24
Register Duplication               : YES
Slice Packing                      : YES
Optimize Instantiated Primitives   : NO
Use Clock Enable                   : Yes
Use Synchronous Set                : Yes
Use Synchronous Reset              : Yes
Pack IO Registers into IOBs        : Auto
Equivalent register Removal        : YES

---- General Options
Optimization Goal                  : Speed
Optimization Effort                : 1
Keep Hierarchy                     : No
Netlist Hierarchy                  : As_Optimized
RTL Output                         : Yes
Global Optimization                : AllClockNets
Read Cores                         : YES
Write Timing Constraints           : NO
Cross Clock Analysis               : NO
Hierarchy Separator                : /
Bus Delimiter                      : <>
Case Specifier                     : Maintain
Slice Utilization Ratio            : 100
BRAM Utilization Ratio             : 100
Verilog 2001                       : YES
Auto BRAM Packing                  : NO
Slice Utilization Ratio Delta      : 5

=========================================================================


=========================================================================
*                          HDL Compilation                              *
=========================================================================
Compiling vhdl file "E:/Lab2_HILBORN_KOPP/downcounter.vhd" in Library work.
Architecture behavioral of Entity downcounter is up to date.
Compiling vhdl file "E:/Lab2_HILBORN_KOPP/clock_divider.vhd" in Library work.
Entity <clock_divider> compiled.
Entity <clock_divider> (Architecture <behavioral>) compiled.

=========================================================================
*                     Design Hierarchy Analysis                         *
=========================================================================
Analyzing hierarchy for entity <clock_divider> in library <work> (architecture <behavioral>).

Analyzing hierarchy for entity <downcounter> in library <work> (architecture <behavioral>) with generics.
	WIDTH = 15
	period = 9

Analyzing hierarchy for entity <downcounter> in library <work> (architecture <behavioral>) with generics.
	WIDTH = 4
	period = 9

Analyzing hierarchy for entity <downcounter> in library <work> (architecture <behavioral>) with generics.
	WIDTH = 4
	period = 5


=========================================================================
*                            HDL Analysis                               *
=========================================================================
Analyzing Entity <clock_divider> in library <work> (Architecture <behavioral>).
WARNING:Xst:753 - "E:/Lab2_HILBORN_KOPP/clock_divider.vhd" line 49: Unconnected output port 'value' of component 'downcounter'.
WARNING:Xst:753 - "E:/Lab2_HILBORN_KOPP/clock_divider.vhd" line 62: Unconnected output port 'value' of component 'downcounter'.
WARNING:Xst:753 - "E:/Lab2_HILBORN_KOPP/clock_divider.vhd" line 75: Unconnected output port 'value' of component 'downcounter'.
WARNING:Xst:753 - "E:/Lab2_HILBORN_KOPP/clock_divider.vhd" line 127: Unconnected output port 'zero' of component 'downcounter'.
Entity <clock_divider> analyzed. Unit <clock_divider> generated.

Analyzing generic Entity <downcounter.1> in library <work> (Architecture <behavioral>).
	WIDTH = 15
	period = 9
Entity <downcounter.1> analyzed. Unit <downcounter.1> generated.

Analyzing generic Entity <downcounter.2> in library <work> (Architecture <behavioral>).
	WIDTH = 4
	period = 9
Entity <downcounter.2> analyzed. Unit <downcounter.2> generated.

Analyzing generic Entity <downcounter.3> in library <work> (Architecture <behavioral>).
	WIDTH = 4
	period = 5
Entity <downcounter.3> analyzed. Unit <downcounter.3> generated.


=========================================================================
*                           HDL Synthesis                               *
=========================================================================

Performing bidirectional port resolution...

Synthesizing Unit <downcounter_1>.
    Related source file is "E:/Lab2_HILBORN_KOPP/downcounter.vhd".
    Found 15-bit down counter for signal <current_count>.
    Found 1-bit register for signal <i_zero>.
    Summary:
	inferred   1 Counter(s).
	inferred   1 D-type flip-flop(s).
Unit <downcounter_1> synthesized.


Synthesizing Unit <downcounter_2>.
    Related source file is "E:/Lab2_HILBORN_KOPP/downcounter.vhd".
    Found 4-bit down counter for signal <current_count>.
    Found 1-bit register for signal <i_zero>.
    Summary:
	inferred   1 Counter(s).
	inferred   1 D-type flip-flop(s).
Unit <downcounter_2> synthesized.


Synthesizing Unit <downcounter_3>.
    Related source file is "E:/Lab2_HILBORN_KOPP/downcounter.vhd".
    Found 4-bit down counter for signal <current_count>.
    Found 1-bit register for signal <i_zero>.
    Summary:
	inferred   1 Counter(s).
	inferred   1 D-type flip-flop(s).
Unit <downcounter_3> synthesized.


Synthesizing Unit <clock_divider>.
    Related source file is "E:/Lab2_HILBORN_KOPP/clock_divider.vhd".
Unit <clock_divider> synthesized.


=========================================================================
HDL Synthesis Report

Macro Statistics
# Counters                                             : 7
 15-bit down counter                                   : 1
 4-bit down counter                                    : 6
# Registers                                            : 7
 1-bit register                                        : 7

=========================================================================

=========================================================================
*                       Advanced HDL Synthesis                          *
=========================================================================


=========================================================================
Advanced HDL Synthesis Report

Macro Statistics
# Counters                                             : 7
 15-bit down counter                                   : 1
 4-bit down counter                                    : 6
# Registers                                            : 7
 Flip-Flops                                            : 7

=========================================================================

=========================================================================
*                         Low Level Synthesis                           *
=========================================================================
WARNING:Xst:2677 - Node <tenminHzClock/i_zero> of sequential type is unconnected in block <clock_divider>.

Optimizing unit <clock_divider> ...
WARNING:Xst:1710 - FF/Latch <minHzClock/current_count_3> (without init value) has a constant value of 0 in block <clock_divider>. This FF/Latch will be trimmed during the optimization process.
WARNING:Xst:1710 - FF/Latch <minHzClock/current_count_3> (without init value) has a constant value of 0 in block <clock_divider>. This FF/Latch will be trimmed during the optimization process.

Mapping all equations...
Building and optimizing final netlist ...
Found area constraint ratio of 100 (+ 5) on block clock_divider, actual ratio is 4.

Final Macro Processing ...

=========================================================================
Final Register Report

Macro Statistics
# Registers                                            : 44
 Flip-Flops                                            : 44

=========================================================================

=========================================================================
*                           Partition Report                            *
=========================================================================

Partition Implementation Status
-------------------------------

  No Partitions were found in this design.

-------------------------------

=========================================================================
*                            Final Report                               *
=========================================================================
Final Results
RTL Top Level Output File Name     : clock_divider.ngr
Top Level Output File Name         : clock_divider
Output Format                      : NGC
Optimization Goal                  : Speed
Keep Hierarchy                     : No

Design Statistics
# IOs                              : 19

Cell Usage :
# BELS                             : 100
#      GND                         : 1
#      INV                         : 20
#      LUT1                        : 1
#      LUT2                        : 16
#      LUT2_L                      : 1
#      LUT3                        : 3
#      LUT3_L                      : 4
#      LUT4                        : 23
#      LUT4_D                      : 1
#      MUXCY                       : 14
#      VCC                         : 1
#      XORCY                       : 15
# FlipFlops/Latches                : 44
#      FDR                         : 19
#      FDRE                        : 11
#      FDS                         : 2
#      FDSE                        : 12
# Clock Buffers                    : 1
#      BUFGP                       : 1
# IO Buffers                       : 18
#      IBUF                        : 1
#      OBUF                        : 17
=========================================================================

Device utilization summary:
---------------------------

Selected Device : 3s100ecp132-5 

 Number of Slices:                       39  out of    960     4%  
 Number of Slice Flip Flops:             44  out of   1920     2%  
 Number of 4 input LUTs:                 69  out of   1920     3%  
 Number of IOs:                          19
 Number of bonded IOBs:                  19  out of     83    22%  
 Number of GCLKs:                         1  out of     24     4%  

---------------------------
Partition Resource Summary:
---------------------------

  No Partitions were found in this design.

---------------------------


=========================================================================
TIMING REPORT

NOTE: THESE TIMING NUMBERS ARE ONLY A SYNTHESIS ESTIMATE.
      FOR ACCURATE TIMING INFORMATION PLEASE REFER TO THE TRACE REPORT
      GENERATED AFTER PLACE-and-ROUTE.

Clock Information:
------------------
-----------------------------------+------------------------+-------+
Clock Signal                       | Clock buffer(FF name)  | Load  |
-----------------------------------+------------------------+-------+
clk                                | BUFGP                  | 44    |
-----------------------------------+------------------------+-------+

Asynchronous Control Signals Information:
----------------------------------------
No asynchronous control signals found in this design

Timing Summary:
---------------
Speed Grade: -5

   Minimum period: 4.736ns (Maximum Frequency: 211.129MHz)
   Minimum input arrival time before clock: 4.813ns
   Maximum output required time after clock: 4.252ns
   Maximum combinational path delay: No path found

Timing Detail:
--------------
All values displayed in nanoseconds (ns)

=========================================================================
Timing constraint: Default period analysis for Clock 'clk'
  Clock period: 4.736ns (frequency: 211.129MHz)
  Total number of paths / destination ports: 479 / 67
-------------------------------------------------------------------------
Delay:               4.736ns (Levels of Logic = 17)
  Source:            kiloHzClock/current_count_0 (FF)
  Destination:       kiloHzClock/current_count_14 (FF)
  Source Clock:      clk rising
  Destination Clock: clk rising

  Data Path: kiloHzClock/current_count_0 to kiloHzClock/current_count_14
                                Gate     Net
    Cell:in->out      fanout   Delay   Delay  Logical Name (Net Name)
    ----------------------------------------  ------------
     FDS:C->Q              2   0.514   0.532  kiloHzClock/current_count_0 (kiloHzClock/current_count_0)
     LUT1:I0->O            1   0.612   0.000  kiloHzClock/Mcount_current_count_cy<0>_rt (kiloHzClock/Mcount_current_count_cy<0>_rt)
     MUXCY:S->O            1   0.404   0.000  kiloHzClock/Mcount_current_count_cy<0> (kiloHzClock/Mcount_current_count_cy<0>)
     MUXCY:CI->O           1   0.052   0.000  kiloHzClock/Mcount_current_count_cy<1> (kiloHzClock/Mcount_current_count_cy<1>)
     MUXCY:CI->O           1   0.052   0.000  kiloHzClock/Mcount_current_count_cy<2> (kiloHzClock/Mcount_current_count_cy<2>)
     MUXCY:CI->O           1   0.052   0.000  kiloHzClock/Mcount_current_count_cy<3> (kiloHzClock/Mcount_current_count_cy<3>)
     MUXCY:CI->O           1   0.052   0.000  kiloHzClock/Mcount_current_count_cy<4> (kiloHzClock/Mcount_current_count_cy<4>)
     MUXCY:CI->O           1   0.052   0.000  kiloHzClock/Mcount_current_count_cy<5> (kiloHzClock/Mcount_current_count_cy<5>)
     MUXCY:CI->O           1   0.052   0.000  kiloHzClock/Mcount_current_count_cy<6> (kiloHzClock/Mcount_current_count_cy<6>)
     MUXCY:CI->O           1   0.052   0.000  kiloHzClock/Mcount_current_count_cy<7> (kiloHzClock/Mcount_current_count_cy<7>)
     MUXCY:CI->O           1   0.052   0.000  kiloHzClock/Mcount_current_count_cy<8> (kiloHzClock/Mcount_current_count_cy<8>)
     MUXCY:CI->O           1   0.052   0.000  kiloHzClock/Mcount_current_count_cy<9> (kiloHzClock/Mcount_current_count_cy<9>)
     MUXCY:CI->O           1   0.052   0.000  kiloHzClock/Mcount_current_count_cy<10> (kiloHzClock/Mcount_current_count_cy<10>)
     MUXCY:CI->O           1   0.052   0.000  kiloHzClock/Mcount_current_count_cy<11> (kiloHzClock/Mcount_current_count_cy<11>)
     MUXCY:CI->O           1   0.052   0.000  kiloHzClock/Mcount_current_count_cy<12> (kiloHzClock/Mcount_current_count_cy<12>)
     MUXCY:CI->O           0   0.052   0.000  kiloHzClock/Mcount_current_count_cy<13> (kiloHzClock/Mcount_current_count_cy<13>)
     XORCY:CI->O           1   0.699   0.426  kiloHzClock/Mcount_current_count_xor<14> (Result<14>)
     LUT2:I1->O            1   0.612   0.000  kiloHzClock/Mcount_current_count_eqn_141 (kiloHzClock/Mcount_current_count_eqn_14)
     FDR:D                     0.268          kiloHzClock/current_count_14
    ----------------------------------------
    Total                      4.736ns (3.779ns logic, 0.958ns route)
                                       (79.8% logic, 20.2% route)

=========================================================================
Timing constraint: Default OFFSET IN BEFORE for Clock 'clk'
  Total number of paths / destination ports: 44 / 44
-------------------------------------------------------------------------
Offset:              4.813ns (Levels of Logic = 3)
  Source:            reset (PAD)
  Destination:       minHzClock/i_zero (FF)
  Destination Clock: clk rising

  Data Path: reset to minHzClock/i_zero
                                Gate     Net
    Cell:in->out      fanout   Delay   Delay  Logical Name (Net Name)
    ----------------------------------------  ------------
     IBUF:I->O            44   1.106   1.228  reset_IBUF (reset_IBUF)
     LUT2_L:I0->LO         1   0.612   0.103  minHzClock/i_zero_or0000_SW0 (N18)
     LUT4:I3->O            1   0.612   0.357  minHzClock/i_zero_or0000 (minHzClock/i_zero_or0000)
     FDR:R                     0.795          minHzClock/i_zero
    ----------------------------------------
    Total                      4.813ns (3.125ns logic, 1.688ns route)
                                       (64.9% logic, 35.1% route)

=========================================================================
Timing constraint: Default OFFSET OUT AFTER for Clock 'clk'
  Total number of paths / destination ports: 16 / 16
-------------------------------------------------------------------------
Offset:              4.252ns (Levels of Logic = 1)
  Source:            kiloHzClock/i_zero (FF)
  Destination:       kHz (PAD)
  Source Clock:      clk rising

  Data Path: kiloHzClock/i_zero to kHz
                                Gate     Net
    Cell:in->out      fanout   Delay   Delay  Logical Name (Net Name)
    ----------------------------------------  ------------
     FDR:C->Q              6   0.514   0.569  kiloHzClock/i_zero (kiloHzClock/i_zero)
     OBUF:I->O                 3.169          kHz_OBUF (kHz)
    ----------------------------------------
    Total                      4.252ns (3.683ns logic, 0.569ns route)
                                       (86.6% logic, 13.4% route)

=========================================================================


Total REAL time to Xst completion: 7.00 secs
Total CPU time to Xst completion: 6.58 secs
 
--> 

Total memory usage is 259972 kilobytes

Number of errors   :    0 (   0 filtered)
Number of warnings :    7 (   0 filtered)
Number of infos    :    0 (   0 filtered)

