Command line:
   tb_combinational_switch_logic_isim_beh.exe
     -simmode  gui
     -simrunnum  0
     -socket  53095

Tue Jan 20 15:00:00 2015


 Elaboration Time: 0.0624 sec

 Current Memory Usage: 1317.55 Meg

 Total Signals          : 10
 Total Nets             : 12
 Total Signal Drivers   : 10
 Total Blocks           : 3
 Total Primitive Blocks : 2
 Total Processes        : 11
 Total Traceable Variables  : 8
 Total Scalar Nets and Variables : 372
Total Line Count : 20

 Total Simulation Time: 0.0936 sec

 Current Memory Usage: 688.374 Meg

Tue Jan 20 16:07:19 2015

