Command line:
   tb_score_keeper_isim_beh.exe
     -simmode  gui
     -simrunnum  0
     -socket  57370

Tue Mar 31 04:29:59 2015


 Elaboration Time: 0.1716 sec

 Current Memory Usage: 1319.56 Meg

 Total Signals          : 27
 Total Nets             : 31
 Total Signal Drivers   : 13
 Total Blocks           : 8
 Total Primitive Blocks : 6
 Total Processes        : 10
 Total Traceable Variables  : 24
 Total Scalar Nets and Variables : 553
Total Line Count : 36

 Total Simulation Time: 1.66921 sec

 Current Memory Usage: 690.377 Meg

Tue Mar 31 04:32:44 2015

