Command line:
   tb_selector_isim_beh.exe
     -simmode  gui
     -simrunnum  1
     -socket  57312

Tue Feb 03 20:46:52 2015


 Elaboration Time: 0.0936 sec

 Current Memory Usage: 1320.56 Meg

 Total Signals          : 10
 Total Nets             : 15
 Total Signal Drivers   : 12
 Total Blocks           : 3
 Total Primitive Blocks : 2
 Total Processes        : 12
 Total Traceable Variables  : 9
 Total Scalar Nets and Variables : 376
Total Line Count : 32

 Total Simulation Time: 0.1092 sec

 Current Memory Usage: 691.38 Meg

Tue Feb 03 22:37:53 2015

