Release 14.7 - xst P.20131013 (nt64)
Copyright (c) 1995-2013 Xilinx, Inc.  All rights reserved.
--> Parameter TMPDIR set to xst/projnav.tmp


Total REAL time to Xst completion: 0.00 secs
Total CPU time to Xst completion: 0.06 secs
 
--> Parameter xsthdpdir set to xst


Total REAL time to Xst completion: 0.00 secs
Total CPU time to Xst completion: 0.06 secs
 
--> Reading design: vga_module.prj

TABLE OF CONTENTS
  1) Synthesis Options Summary
  2) HDL Compilation
  3) Design Hierarchy Analysis
  4) HDL Analysis
  5) HDL Synthesis
     5.1) HDL Synthesis Report
  6) Advanced HDL Synthesis
     6.1) Advanced HDL Synthesis Report
  7) Low Level Synthesis
  8) Partition Report
  9) Final Report
	9.1) Device utilization summary
	9.2) Partition Resource Summary
	9.3) TIMING REPORT


=========================================================================
*                      Synthesis Options Summary                        *
=========================================================================
---- Source Parameters
Input File Name                    : "vga_module.prj"
Input Format                       : mixed
Ignore Synthesis Constraint File   : NO

---- Target Parameters
Output File Name                   : "vga_module"
Output Format                      : NGC
Target Device                      : xc3s100e-5-cp132

---- Source Options
Top Module Name                    : vga_module
Automatic FSM Extraction           : YES
FSM Encoding Algorithm             : Auto
Safe Implementation                : No
FSM Style                          : LUT
RAM Extraction                     : Yes
RAM Style                          : Auto
ROM Extraction                     : Yes
Mux Style                          : Auto
Decoder Extraction                 : YES
Priority Encoder Extraction        : Yes
Shift Register Extraction          : YES
Logical Shifter Extraction         : YES
XOR Collapsing                     : YES
ROM Style                          : Auto
Mux Extraction                     : Yes
Resource Sharing                   : YES
Asynchronous To Synchronous        : NO
Multiplier Style                   : Auto
Automatic Register Balancing       : No

---- Target Options
Add IO Buffers                     : YES
Global Maximum Fanout              : 100000
Add Generic Clock Buffer(BUFG)     : 24
Register Duplication               : YES
Slice Packing                      : YES
Optimize Instantiated Primitives   : NO
Use Clock Enable                   : Yes
Use Synchronous Set                : Yes
Use Synchronous Reset              : Yes
Pack IO Registers into IOBs        : Auto
Equivalent register Removal        : YES

---- General Options
Optimization Goal                  : Speed
Optimization Effort                : 1
Keep Hierarchy                     : No
Netlist Hierarchy                  : As_Optimized
RTL Output                         : Yes
Global Optimization                : AllClockNets
Read Cores                         : YES
Write Timing Constraints           : NO
Cross Clock Analysis               : NO
Hierarchy Separator                : /
Bus Delimiter                      : <>
Case Specifier                     : Maintain
Slice Utilization Ratio            : 100
BRAM Utilization Ratio             : 100
Verilog 2001                       : YES
Auto BRAM Packing                  : NO
Slice Utilization Ratio Delta      : 5

=========================================================================


=========================================================================
*                          HDL Compilation                              *
=========================================================================
Compiling vhdl file "D:/UofC/Third Year/ENEL 453/lab 3/lab3_Hilborn_Kopp_prelab2/lab3_Hilborn_Kopp_bk_prelab/downcounter.vhd" in Library work.
Architecture behavioral of Entity downcounter is up to date.
Compiling vhdl file "D:/UofC/Third Year/ENEL 453/lab 3/lab3_Hilborn_Kopp_prelab2/lab3_Hilborn_Kopp_bk_prelab/sync_signal_generator.vhd" in Library work.
Architecture behavioral of Entity sync_signals_generator is up to date.
Compiling vhdl file "D:/UofC/Third Year/ENEL 453/lab 3/lab3_Hilborn_Kopp_prelab2/lab3_Hilborn_Kopp_bk_prelab/up_down_counter.vhd" in Library work.
Architecture behavioral of Entity up_down_counter is up to date.
Compiling vhdl file "D:/UofC/Third Year/ENEL 453/lab 3/lab3_Hilborn_Kopp_prelab2/lab3_Hilborn_Kopp_bk_prelab/clock_divider.vhd" in Library work.
Architecture behavioral of Entity clock_divider is up to date.
Compiling vhdl file "D:/UofC/Third Year/ENEL 453/lab 3/lab3_Hilborn_Kopp_prelab2/lab3_Hilborn_Kopp_bk_prelab/bouncing_box.vhd" in Library work.
Architecture behavioral of Entity bouncing_box is up to date.
Compiling vhdl file "D:/UofC/Third Year/ENEL 453/lab 3/lab3_Hilborn_Kopp_prelab2/lab3_Hilborn_Kopp_bk_prelab/vga_stripes_dff.vhd" in Library work.
Architecture behavioral of Entity vga_stripes_dff is up to date.
Compiling vhdl file "D:/UofC/Third Year/ENEL 453/lab 3/lab3_Hilborn_Kopp_prelab2/lab3_Hilborn_Kopp_bk_prelab/vga_module.vhd" in Library work.
Entity <vga_module> compiled.
ERROR:HDLParsers:800 - "D:/UofC/Third Year/ENEL 453/lab 3/lab3_Hilborn_Kopp_prelab2/lab3_Hilborn_Kopp_bk_prelab/vga_module.vhd" Line 137. Type of sec_dig1 is incompatible with type of i_Hz.
ERROR:HDLParsers:851 - "D:/UofC/Third Year/ENEL 453/lab 3/lab3_Hilborn_Kopp_prelab2/lab3_Hilborn_Kopp_bk_prelab/vga_module.vhd" Line 140. Formal boxWidth of bouncing_box with no default value must be associated with an actual value.
ERROR:HDLParsers:851 - "D:/UofC/Third Year/ENEL 453/lab 3/lab3_Hilborn_Kopp_prelab2/lab3_Hilborn_Kopp_bk_prelab/vga_module.vhd" Line 152. Formal mode of vga_stripes_dff with no default value must be associated with an actual value.
--> 

Total memory usage is 245220 kilobytes

Number of errors   :    3 (   0 filtered)
Number of warnings :    0 (   0 filtered)
Number of infos    :    0 (   0 filtered)

