Command line:
   tb_digital_clock_isim_par.exe
     -simmode  gui
     -sdfmax  /uut/=.sdf
     -sdfroot  /uut
     -simrunnum  0
     -socket  58623

Tue Feb 10 00:01:15 2015


 Elaboration Time: 0.1872 sec

 Current Memory Usage: 1322.66 Meg

 Total Signals          : 14
 Total Nets             : 14
 Total Signal Drivers   : 2
 Total Blocks           : 2
 Total Primitive Blocks : 2
 Total Processes        : 2
 Total Traceable Variables  : 9
 Total Scalar Nets and Variables : 375
Total Line Count : 9

 Total Simulation Time: 0.296401 sec

 Current Memory Usage: 1008.05 Meg

Tue Feb 10 00:02:43 2015

