Running: fuse.exe -relaunch -intstyle "ise" -incremental -o "C:/Users/Brendon/Documents/GitHub/ENEL-453-Labs/Lab 4/lab4_Hilborn_Kopp_prelab/Lab4_Hilborn_Kopp/tb_keyboard_isim_beh.exe" -prj "C:/Users/Brendon/Documents/GitHub/ENEL-453-Labs/Lab 4/lab4_Hilborn_Kopp_prelab/Lab4_Hilborn_Kopp/tb_keyboard_beh.prj" "work.tb_keyboard" 
ISim P.20131013 (signature 0x7708f090)
Number of CPUs detected in this system: 8
Turning on mult-threading, number of parallel sub-compilation jobs: 16 
Determining compilation order of HDL files
Parsing VHDL file "C:/Users/Brendon/Documents/GitHub/ENEL-453-Labs/Lab 4/lab4_Hilborn_Kopp_prelab/Lab4_Hilborn_Kopp/keyboard.vhd" into library work
Parsing VHDL file "C:/Users/Brendon/Documents/GitHub/ENEL-453-Labs/Lab 4/lab4_Hilborn_Kopp_prelab/Lab4_Hilborn_Kopp/tb_keyboard.vhd" into library work
Starting static elaboration
Completed static elaboration
Compiling package standard
Compiling package std_logic_1164
Compiling package std_logic_arith
Compiling package std_logic_unsigned
Compiling architecture behavioral of entity keyboard [keyboard_default]
Compiling architecture behavior of entity tb_keyboard
Time Resolution for simulation is 1ps.
Waiting for 1 sub-compilation(s) to finish...
Compiled 7 VHDL Units
Built simulation executable C:/Users/Brendon/Documents/GitHub/ENEL-453-Labs/Lab 4/lab4_Hilborn_Kopp_prelab/Lab4_Hilborn_Kopp/tb_keyboard_isim_beh.exe
Fuse Memory Usage: 34020 KB
Fuse CPU Usage: 405 ms
