Command line:
   tb_digital_clock_isim_translate.exe
     -simmode  gui
     -simrunnum  0
     -socket  58801

Tue Feb 10 00:11:06 2015


 Elaboration Time: 0.187201 sec

 Current Memory Usage: 1320.56 Meg

 Total Signals          : 14
 Total Nets             : 14
 Total Signal Drivers   : 2
 Total Blocks           : 2
 Total Primitive Blocks : 2
 Total Processes        : 2
 Total Traceable Variables  : 9
 Total Scalar Nets and Variables : 375
Total Line Count : 9

 Total Simulation Time: 0.202802 sec

 Current Memory Usage: 1320.56 Meg

Tue Feb 10 00:11:11 2015

