Release 14.7 - xst P.20131013 (nt64)
Copyright (c) 1995-2013 Xilinx, Inc.  All rights reserved.
--> Parameter TMPDIR set to xst/projnav.tmp


Total REAL time to Xst completion: 0.00 secs
Total CPU time to Xst completion: 0.36 secs
 
--> Parameter xsthdpdir set to xst


Total REAL time to Xst completion: 0.00 secs
Total CPU time to Xst completion: 0.36 secs
 
--> Reading design: digital_clock.prj

TABLE OF CONTENTS
  1) Synthesis Options Summary
  2) HDL Compilation
  3) Design Hierarchy Analysis
  4) HDL Analysis
  5) HDL Synthesis
     5.1) HDL Synthesis Report
  6) Advanced HDL Synthesis
     6.1) Advanced HDL Synthesis Report
  7) Low Level Synthesis
  8) Partition Report
  9) Final Report
	9.1) Device utilization summary
	9.2) Partition Resource Summary
	9.3) TIMING REPORT


=========================================================================
*                      Synthesis Options Summary                        *
=========================================================================
---- Source Parameters
Input File Name                    : "digital_clock.prj"
Input Format                       : mixed
Ignore Synthesis Constraint File   : NO

---- Target Parameters
Output File Name                   : "digital_clock"
Output Format                      : NGC
Target Device                      : xc3s100e-5-cp132

---- Source Options
Top Module Name                    : digital_clock
Automatic FSM Extraction           : YES
FSM Encoding Algorithm             : Auto
Safe Implementation                : No
FSM Style                          : LUT
RAM Extraction                     : Yes
RAM Style                          : Auto
ROM Extraction                     : Yes
Mux Style                          : Auto
Decoder Extraction                 : YES
Priority Encoder Extraction        : Yes
Shift Register Extraction          : YES
Logical Shifter Extraction         : YES
XOR Collapsing                     : YES
ROM Style                          : Auto
Mux Extraction                     : Yes
Resource Sharing                   : YES
Asynchronous To Synchronous        : NO
Multiplier Style                   : Auto
Automatic Register Balancing       : No

---- Target Options
Add IO Buffers                     : YES
Global Maximum Fanout              : 100000
Add Generic Clock Buffer(BUFG)     : 24
Register Duplication               : YES
Slice Packing                      : YES
Optimize Instantiated Primitives   : NO
Use Clock Enable                   : Yes
Use Synchronous Set                : Yes
Use Synchronous Reset              : Yes
Pack IO Registers into IOBs        : Auto
Equivalent register Removal        : YES

---- General Options
Optimization Goal                  : Speed
Optimization Effort                : 1
Keep Hierarchy                     : No
Netlist Hierarchy                  : As_Optimized
RTL Output                         : Yes
Global Optimization                : AllClockNets
Read Cores                         : YES
Write Timing Constraints           : NO
Cross Clock Analysis               : NO
Hierarchy Separator                : /
Bus Delimiter                      : <>
Case Specifier                     : Maintain
Slice Utilization Ratio            : 100
BRAM Utilization Ratio             : 100
Verilog 2001                       : YES
Auto BRAM Packing                  : NO
Slice Utilization Ratio Delta      : 5

=========================================================================


=========================================================================
*                          HDL Compilation                              *
=========================================================================
WARNING:HDLParsers:3516 - Found error in file "G:/Lab2_HILBORN_KOPP 2/digital_clock.vhd". 
WARNING:HDLParsers:3607 - Unit work/sevensegment is now defined in a different file.  It was defined in "E:/Lab 2/Prelab/Brendon's Prelab/lab 2 vhd files/sevensegment.vhd", and is now defined in "G:/Lab2_HILBORN_KOPP 2/sevensegment.vhd".
WARNING:HDLParsers:3607 - Unit work/sevensegment/Behavioral is now defined in a different file.  It was defined in "E:/Lab 2/Prelab/Brendon's Prelab/lab 2 vhd files/sevensegment.vhd", and is now defined in "G:/Lab2_HILBORN_KOPP 2/sevensegment.vhd".
WARNING:HDLParsers:3458 - Because of erroneous VHDL file(s), automatic determination of correct order of compilation of files in project file "G:/Lab2_HILBORN_KOPP 2/digital_clock_vhdl.prj" may be inaccurate. Please put the files in the project file in correct order with keyword 'nosort' at end of the project file, or compile your vhdl file(s) individually to find and fix the error(s) in your vhdl file(s). 
Compiling vhdl file "G:/Lab2_HILBORN_KOPP 2/downcounter.vhd" in Library work.
Architecture behavioral of Entity downcounter is up to date.
Compiling vhdl file "G:/Lab2_HILBORN_KOPP 2/sevensegment_selector.vhd" in Library work.
Entity <sevensegment_selector> compiled.
Entity <sevensegment_selector> (Architecture <Behavioral>) compiled.
Compiling vhdl file "G:/Lab2_HILBORN_KOPP 2/clock_divider.vhd" in Library work.
Architecture behavioral of Entity clock_divider is up to date.
Compiling vhdl file "G:/Lab2_HILBORN_KOPP 2/sevensegment.vhd" in Library work.
Architecture behavioral of Entity sevensegment is up to date.
Compiling vhdl file "G:/Lab2_HILBORN_KOPP 2/digital_clock.vhd" in Library work.
Entity <digital_clock> compiled.
ERROR:HDLParsers:3312 - "G:/Lab2_HILBORN_KOPP 2/digital_clock.vhd" Line 104. Undefined symbol 'singlesec'.
ERROR:HDLParsers:1209 - "G:/Lab2_HILBORN_KOPP 2/digital_clock.vhd" Line 104. singlesec: Undefined symbol (last report in this block)
ERROR:HDLParsers:3312 - "G:/Lab2_HILBORN_KOPP 2/digital_clock.vhd" Line 105. Undefined symbol 'tensec'.
ERROR:HDLParsers:1209 - "G:/Lab2_HILBORN_KOPP 2/digital_clock.vhd" Line 105. tensec: Undefined symbol (last report in this block)
ERROR:HDLParsers:3312 - "G:/Lab2_HILBORN_KOPP 2/digital_clock.vhd" Line 106. Undefined symbol 'singlemin'.
ERROR:HDLParsers:1209 - "G:/Lab2_HILBORN_KOPP 2/digital_clock.vhd" Line 106. singlemin: Undefined symbol (last report in this block)
ERROR:HDLParsers:3312 - "G:/Lab2_HILBORN_KOPP 2/digital_clock.vhd" Line 107. Undefined symbol 'tenmin'.
ERROR:HDLParsers:1209 - "G:/Lab2_HILBORN_KOPP 2/digital_clock.vhd" Line 107. tenmin: Undefined symbol (last report in this block)
ERROR:HDLParsers:3312 - "G:/Lab2_HILBORN_KOPP 2/digital_clock.vhd" Line 110. Undefined symbol 'i_CA'.
ERROR:HDLParsers:1209 - "G:/Lab2_HILBORN_KOPP 2/digital_clock.vhd" Line 110. i_CA: Undefined symbol (last report in this block)
ERROR:HDLParsers:3312 - "G:/Lab2_HILBORN_KOPP 2/digital_clock.vhd" Line 111. Undefined symbol 'i_CB'.
ERROR:HDLParsers:1209 - "G:/Lab2_HILBORN_KOPP 2/digital_clock.vhd" Line 111. i_CB: Undefined symbol (last report in this block)
ERROR:HDLParsers:3312 - "G:/Lab2_HILBORN_KOPP 2/digital_clock.vhd" Line 112. Undefined symbol 'i_CC'.
ERROR:HDLParsers:1209 - "G:/Lab2_HILBORN_KOPP 2/digital_clock.vhd" Line 112. i_CC: Undefined symbol (last report in this block)
ERROR:HDLParsers:3312 - "G:/Lab2_HILBORN_KOPP 2/digital_clock.vhd" Line 113. Undefined symbol 'i_CD'.
ERROR:HDLParsers:1209 - "G:/Lab2_HILBORN_KOPP 2/digital_clock.vhd" Line 113. i_CD: Undefined symbol (last report in this block)
ERROR:HDLParsers:3312 - "G:/Lab2_HILBORN_KOPP 2/digital_clock.vhd" Line 114. Undefined symbol 'i_CE'.
ERROR:HDLParsers:1209 - "G:/Lab2_HILBORN_KOPP 2/digital_clock.vhd" Line 114. i_CE: Undefined symbol (last report in this block)
ERROR:HDLParsers:3312 - "G:/Lab2_HILBORN_KOPP 2/digital_clock.vhd" Line 115. Undefined symbol 'i_CF'.
ERROR:HDLParsers:1209 - "G:/Lab2_HILBORN_KOPP 2/digital_clock.vhd" Line 115. i_CF: Undefined symbol (last report in this block)
ERROR:HDLParsers:3312 - "G:/Lab2_HILBORN_KOPP 2/digital_clock.vhd" Line 116. Undefined symbol 'i_CG'.
ERROR:HDLParsers:1209 - "G:/Lab2_HILBORN_KOPP 2/digital_clock.vhd" Line 116. i_CG: Undefined symbol (last report in this block)
ERROR:HDLParsers:3312 - "G:/Lab2_HILBORN_KOPP 2/digital_clock.vhd" Line 118. Undefined symbol 'i_DP_in'.
ERROR:HDLParsers:1209 - "G:/Lab2_HILBORN_KOPP 2/digital_clock.vhd" Line 118. i_DP_in: Undefined symbol (last report in this block)
ERROR:HDLParsers:3312 - "G:/Lab2_HILBORN_KOPP 2/digital_clock.vhd" Line 119. Undefined symbol 'i_data'.
ERROR:HDLParsers:1209 - "G:/Lab2_HILBORN_KOPP 2/digital_clock.vhd" Line 119. i_data: Undefined symbol (last report in this block)
ERROR:HDLParsers:851 - "G:/Lab2_HILBORN_KOPP 2/digital_clock.vhd" Line 109. Formal dp_in of sevensegment with no default value must be associated with an actual value.
ERROR:HDLParsers:3312 - "G:/Lab2_HILBORN_KOPP 2/digital_clock.vhd" Line 128. Undefined symbol 'tens_minutes'.
ERROR:HDLParsers:1209 - "G:/Lab2_HILBORN_KOPP 2/digital_clock.vhd" Line 128. tens_minutes: Undefined symbol (last report in this block)
ERROR:HDLParsers:164 - "G:/Lab2_HILBORN_KOPP 2/digital_clock.vhd" Line 129. parse error, unexpected TOKBEGIN, expecting IDENTIFIER or STRING_LITERAL
--> 

Total memory usage is 243876 kilobytes

Number of errors   :   30 (   0 filtered)
Number of warnings :    4 (   0 filtered)
Number of infos    :    0 (   0 filtered)

