Command line:
   decoded_keyboard_isim_beh.exe
     -simmode  gui
     -simrunnum  1
     -socket  61768

Tue Mar 10 17:11:45 2015


 Elaboration Time: 0.0468 sec

 Current Memory Usage: 1313.55 Meg

 Total Signals          : 39
 Total Nets             : 81
 Total Signal Drivers   : 30
 Total Blocks           : 5
 Total Primitive Blocks : 4
 Total Processes        : 11
 Total Traceable Variables  : 16
 Total Scalar Nets and Variables : 507
Total Line Count : 152

 Total Simulation Time: 0.0468 sec

 Current Memory Usage: 684.376 Meg

Tue Mar 10 17:19:00 2015

