Command line:
   tb_controlled_box_isim_beh.exe
     -simmode  gui
     -simrunnum  0
     -socket  59672

Sun Mar 08 20:56:06 2015


 Elaboration Time: 0.0936 sec

 Current Memory Usage: 1320.66 Meg

 Total Signals          : 34
 Total Nets             : 111
 Total Signal Drivers   : 18
 Total Blocks           : 5
 Total Primitive Blocks : 4
 Total Processes        : 12
 Total Traceable Variables  : 16
 Total Scalar Nets and Variables : 530
Total Line Count : 55

 Total Simulation Time: 0.296402 sec

 Current Memory Usage: 1320.66 Meg

Sun Mar 08 20:56:33 2015

