Release 14.7 - xst P.20131013 (nt64)
Copyright (c) 1995-2013 Xilinx, Inc.  All rights reserved.
--> Parameter TMPDIR set to xst/projnav.tmp


Total REAL time to Xst completion: 0.00 secs
Total CPU time to Xst completion: 0.08 secs
 
--> Parameter xsthdpdir set to xst


Total REAL time to Xst completion: 0.00 secs
Total CPU time to Xst completion: 0.08 secs
 
--> Reading design: digital_clock.prj

TABLE OF CONTENTS
  1) Synthesis Options Summary
  2) HDL Compilation
  3) Design Hierarchy Analysis
  4) HDL Analysis
  5) HDL Synthesis
     5.1) HDL Synthesis Report
  6) Advanced HDL Synthesis
     6.1) Advanced HDL Synthesis Report
  7) Low Level Synthesis
  8) Partition Report
  9) Final Report
	9.1) Device utilization summary
	9.2) Partition Resource Summary
	9.3) TIMING REPORT


=========================================================================
*                      Synthesis Options Summary                        *
=========================================================================
---- Source Parameters
Input File Name                    : "digital_clock.prj"
Input Format                       : mixed
Ignore Synthesis Constraint File   : NO

---- Target Parameters
Output File Name                   : "digital_clock"
Output Format                      : NGC
Target Device                      : xc3s100e-5-cp132

---- Source Options
Top Module Name                    : digital_clock
Automatic FSM Extraction           : YES
FSM Encoding Algorithm             : Auto
Safe Implementation                : No
FSM Style                          : LUT
RAM Extraction                     : Yes
RAM Style                          : Auto
ROM Extraction                     : Yes
Mux Style                          : Auto
Decoder Extraction                 : YES
Priority Encoder Extraction        : Yes
Shift Register Extraction          : YES
Logical Shifter Extraction         : YES
XOR Collapsing                     : YES
ROM Style                          : Auto
Mux Extraction                     : Yes
Resource Sharing                   : YES
Asynchronous To Synchronous        : NO
Multiplier Style                   : Auto
Automatic Register Balancing       : No

---- Target Options
Add IO Buffers                     : YES
Global Maximum Fanout              : 100000
Add Generic Clock Buffer(BUFG)     : 24
Register Duplication               : YES
Slice Packing                      : YES
Optimize Instantiated Primitives   : NO
Use Clock Enable                   : Yes
Use Synchronous Set                : Yes
Use Synchronous Reset              : Yes
Pack IO Registers into IOBs        : Auto
Equivalent register Removal        : YES

---- General Options
Optimization Goal                  : Speed
Optimization Effort                : 1
Keep Hierarchy                     : No
Netlist Hierarchy                  : As_Optimized
RTL Output                         : Yes
Global Optimization                : AllClockNets
Read Cores                         : YES
Write Timing Constraints           : NO
Cross Clock Analysis               : NO
Hierarchy Separator                : /
Bus Delimiter                      : <>
Case Specifier                     : Maintain
Slice Utilization Ratio            : 100
BRAM Utilization Ratio             : 100
Verilog 2001                       : YES
Auto BRAM Packing                  : NO
Slice Utilization Ratio Delta      : 5

=========================================================================


=========================================================================
*                          HDL Compilation                              *
=========================================================================
Compiling vhdl file "C:/Users/Brendon/Dropbox/BH BK share/ENEL 453/Labs/Lab 2/Lab2_HIILBORN_KOPP 3/downcounter.vhd" in Library work.
Architecture behavioral of Entity downcounter is up to date.
Compiling vhdl file "C:/Users/Brendon/Dropbox/BH BK share/ENEL 453/Labs/Lab 2/Lab2_HIILBORN_KOPP 3/sevensegment_selector.vhd" in Library work.
Architecture behavioral of Entity sevensegment_selector is up to date.
Compiling vhdl file "C:/Users/Brendon/Dropbox/BH BK share/ENEL 453/Labs/Lab 2/Lab2_HIILBORN_KOPP 3/clock_divider.vhd" in Library work.
Architecture behavioral of Entity clock_divider is up to date.
Compiling vhdl file "C:/Users/Brendon/Dropbox/BH BK share/ENEL 453/Labs/Lab 2/Lab2_HIILBORN_KOPP 3/sevensegment.vhd" in Library work.
Architecture behavioral of Entity sevensegment is up to date.
Compiling vhdl file "C:/Users/Brendon/Dropbox/BH BK share/ENEL 453/Labs/Lab 2/Lab2_HIILBORN_KOPP 3/digital_clock.vhd" in Library work.
Architecture behavioral of Entity digital_clock is up to date.

=========================================================================
*                     Design Hierarchy Analysis                         *
=========================================================================
Analyzing hierarchy for entity <digital_clock> in library <work> (architecture <behavioral>).

Analyzing hierarchy for entity <sevensegment_selector> in library <work> (architecture <behavioral>).

Analyzing hierarchy for entity <clock_divider> in library <work> (architecture <behavioral>).

Analyzing hierarchy for entity <sevensegment> in library <work> (architecture <behavioral>).

Analyzing hierarchy for entity <downcounter> in library <work> (architecture <behavioral>) with generics.
	WIDTH = 15
	period = 9

Analyzing hierarchy for entity <downcounter> in library <work> (architecture <behavioral>) with generics.
	WIDTH = 4
	period = 9

Analyzing hierarchy for entity <downcounter> in library <work> (architecture <behavioral>) with generics.
	WIDTH = 7
	period = 99

Analyzing hierarchy for entity <downcounter> in library <work> (architecture <behavioral>) with generics.
	WIDTH = 4
	period = 5


=========================================================================
*                            HDL Analysis                               *
=========================================================================
Analyzing Entity <digital_clock> in library <work> (Architecture <behavioral>).
WARNING:Xst:753 - "C:/Users/Brendon/Dropbox/BH BK share/ENEL 453/Labs/Lab 2/Lab2_HIILBORN_KOPP 3/digital_clock.vhd" line 124: Unconnected output port 'DP' of component 'sevensegment'.
Entity <digital_clock> analyzed. Unit <digital_clock> generated.

Analyzing Entity <sevensegment_selector> in library <work> (Architecture <behavioral>).
Entity <sevensegment_selector> analyzed. Unit <sevensegment_selector> generated.

Analyzing Entity <clock_divider> in library <work> (Architecture <behavioral>).
WARNING:Xst:753 - "C:/Users/Brendon/Dropbox/BH BK share/ENEL 453/Labs/Lab 2/Lab2_HIILBORN_KOPP 3/clock_divider.vhd" line 49: Unconnected output port 'value' of component 'downcounter'.
WARNING:Xst:753 - "C:/Users/Brendon/Dropbox/BH BK share/ENEL 453/Labs/Lab 2/Lab2_HIILBORN_KOPP 3/clock_divider.vhd" line 62: Unconnected output port 'value' of component 'downcounter'.
WARNING:Xst:753 - "C:/Users/Brendon/Dropbox/BH BK share/ENEL 453/Labs/Lab 2/Lab2_HIILBORN_KOPP 3/clock_divider.vhd" line 75: Unconnected output port 'value' of component 'downcounter'.
WARNING:Xst:753 - "C:/Users/Brendon/Dropbox/BH BK share/ENEL 453/Labs/Lab 2/Lab2_HIILBORN_KOPP 3/clock_divider.vhd" line 127: Unconnected output port 'zero' of component 'downcounter'.
Entity <clock_divider> analyzed. Unit <clock_divider> generated.

Analyzing generic Entity <downcounter.1> in library <work> (Architecture <behavioral>).
	WIDTH = 15
	period = 9
Entity <downcounter.1> analyzed. Unit <downcounter.1> generated.

Analyzing generic Entity <downcounter.2> in library <work> (Architecture <behavioral>).
	WIDTH = 4
	period = 9
Entity <downcounter.2> analyzed. Unit <downcounter.2> generated.

Analyzing generic Entity <downcounter.3> in library <work> (Architecture <behavioral>).
	WIDTH = 7
	period = 99
Entity <downcounter.3> analyzed. Unit <downcounter.3> generated.

Analyzing generic Entity <downcounter.4> in library <work> (Architecture <behavioral>).
	WIDTH = 4
	period = 5
Entity <downcounter.4> analyzed. Unit <downcounter.4> generated.

Analyzing Entity <sevensegment> in library <work> (Architecture <behavioral>).
Entity <sevensegment> analyzed. Unit <sevensegment> generated.


=========================================================================
*                           HDL Synthesis                               *
=========================================================================

Performing bidirectional port resolution...

Synthesizing Unit <sevensegment_selector>.
    Related source file is "C:/Users/Brendon/Dropbox/BH BK share/ENEL 453/Labs/Lab 2/Lab2_HIILBORN_KOPP 3/sevensegment_selector.vhd".
    Found 4-bit register for signal <q>.
    Summary:
	inferred   4 D-type flip-flop(s).
Unit <sevensegment_selector> synthesized.


Synthesizing Unit <sevensegment>.
    Related source file is "C:/Users/Brendon/Dropbox/BH BK share/ENEL 453/Labs/Lab 2/Lab2_HIILBORN_KOPP 3/sevensegment.vhd".
    Found 16x7-bit ROM for signal <decoded_bits>.
    Summary:
	inferred   1 ROM(s).
Unit <sevensegment> synthesized.


Synthesizing Unit <downcounter_1>.
    Related source file is "C:/Users/Brendon/Dropbox/BH BK share/ENEL 453/Labs/Lab 2/Lab2_HIILBORN_KOPP 3/downcounter.vhd".
    Found 15-bit down counter for signal <current_count>.
    Found 1-bit register for signal <i_zero>.
    Summary:
	inferred   1 Counter(s).
	inferred   1 D-type flip-flop(s).
Unit <downcounter_1> synthesized.


Synthesizing Unit <downcounter_2>.
    Related source file is "C:/Users/Brendon/Dropbox/BH BK share/ENEL 453/Labs/Lab 2/Lab2_HIILBORN_KOPP 3/downcounter.vhd".
    Found 4-bit down counter for signal <current_count>.
    Found 1-bit register for signal <i_zero>.
    Summary:
	inferred   1 Counter(s).
	inferred   1 D-type flip-flop(s).
Unit <downcounter_2> synthesized.


Synthesizing Unit <downcounter_3>.
    Related source file is "C:/Users/Brendon/Dropbox/BH BK share/ENEL 453/Labs/Lab 2/Lab2_HIILBORN_KOPP 3/downcounter.vhd".
    Found 7-bit down counter for signal <current_count>.
    Found 1-bit register for signal <i_zero>.
    Summary:
	inferred   1 Counter(s).
	inferred   1 D-type flip-flop(s).
Unit <downcounter_3> synthesized.


Synthesizing Unit <downcounter_4>.
    Related source file is "C:/Users/Brendon/Dropbox/BH BK share/ENEL 453/Labs/Lab 2/Lab2_HIILBORN_KOPP 3/downcounter.vhd".
    Found 4-bit down counter for signal <current_count>.
    Found 1-bit register for signal <i_zero>.
    Summary:
	inferred   1 Counter(s).
	inferred   1 D-type flip-flop(s).
Unit <downcounter_4> synthesized.


Synthesizing Unit <clock_divider>.
    Related source file is "C:/Users/Brendon/Dropbox/BH BK share/ENEL 453/Labs/Lab 2/Lab2_HIILBORN_KOPP 3/clock_divider.vhd".
Unit <clock_divider> synthesized.


Synthesizing Unit <digital_clock>.
    Related source file is "C:/Users/Brendon/Dropbox/BH BK share/ENEL 453/Labs/Lab 2/Lab2_HIILBORN_KOPP 3/digital_clock.vhd".
Unit <digital_clock> synthesized.


=========================================================================
HDL Synthesis Report

Macro Statistics
# ROMs                                                 : 1
 16x7-bit ROM                                          : 1
# Counters                                             : 7
 15-bit down counter                                   : 1
 4-bit down counter                                    : 5
 7-bit down counter                                    : 1
# Registers                                            : 11
 1-bit register                                        : 11

=========================================================================

=========================================================================
*                       Advanced HDL Synthesis                          *
=========================================================================


=========================================================================
Advanced HDL Synthesis Report

Macro Statistics
# ROMs                                                 : 1
 16x7-bit ROM                                          : 1
# Counters                                             : 7
 15-bit down counter                                   : 1
 4-bit down counter                                    : 5
 7-bit down counter                                    : 1
# Registers                                            : 11
 Flip-Flops                                            : 11

=========================================================================

=========================================================================
*                         Low Level Synthesis                           *
=========================================================================
WARNING:Xst:2677 - Node <DIVIDER/tenminHzClock/i_zero> of sequential type is unconnected in block <digital_clock>.

Optimizing unit <digital_clock> ...
WARNING:Xst:1710 - FF/Latch <DIVIDER/deciHzClock/current_count_3> (without init value) has a constant value of 0 in block <digital_clock>. This FF/Latch will be trimmed during the optimization process.
WARNING:Xst:1895 - Due to other FF/Latch trimming, FF/Latch <DIVIDER/tenminHzClock/current_count_3> (without init value) has a constant value of 0 in block <digital_clock>. This FF/Latch will be trimmed during the optimization process.
WARNING:Xst:1710 - FF/Latch <DIVIDER/deciHzClock/current_count_3> (without init value) has a constant value of 0 in block <digital_clock>. This FF/Latch will be trimmed during the optimization process.
WARNING:Xst:1895 - Due to other FF/Latch trimming, FF/Latch <DIVIDER/tenminHzClock/current_count_3> (without init value) has a constant value of 0 in block <digital_clock>. This FF/Latch will be trimmed during the optimization process.

Mapping all equations...
Building and optimizing final netlist ...
Found area constraint ratio of 100 (+ 5) on block digital_clock, actual ratio is 5.

Final Macro Processing ...

=========================================================================
Final Register Report

Macro Statistics
# Registers                                            : 50
 Flip-Flops                                            : 50

=========================================================================

=========================================================================
*                           Partition Report                            *
=========================================================================

Partition Implementation Status
-------------------------------

  No Partitions were found in this design.

-------------------------------

=========================================================================
*                            Final Report                               *
=========================================================================
Final Results
RTL Top Level Output File Name     : digital_clock.ngr
Top Level Output File Name         : digital_clock
Output Format                      : NGC
Optimization Goal                  : Speed
Keep Hierarchy                     : No

Design Statistics
# IOs                              : 14

Cell Usage :
# BELS                             : 136
#      GND                         : 1
#      INV                         : 24
#      LUT1                        : 1
#      LUT2                        : 18
#      LUT2_L                      : 1
#      LUT3                        : 11
#      LUT3_L                      : 3
#      LUT4                        : 40
#      LUT4_D                      : 1
#      LUT4_L                      : 1
#      MUXCY                       : 14
#      MUXF5                       : 5
#      VCC                         : 1
#      XORCY                       : 15
# FlipFlops/Latches                : 50
#      FDCE                        : 3
#      FDPE                        : 1
#      FDR                         : 19
#      FDRE                        : 11
#      FDS                         : 2
#      FDSE                        : 14
# Clock Buffers                    : 1
#      BUFGP                       : 1
# IO Buffers                       : 13
#      IBUF                        : 1
#      OBUF                        : 12
=========================================================================

Device utilization summary:
---------------------------

Selected Device : 3s100ecp132-5 

 Number of Slices:                       49  out of    960     5%  
 Number of Slice Flip Flops:             50  out of   1920     2%  
 Number of 4 input LUTs:                100  out of   1920     5%  
 Number of IOs:                          14
 Number of bonded IOBs:                  14  out of     83    16%  
 Number of GCLKs:                         1  out of     24     4%  

---------------------------
Partition Resource Summary:
---------------------------

  No Partitions were found in this design.

---------------------------


=========================================================================
TIMING REPORT

NOTE: THESE TIMING NUMBERS ARE ONLY A SYNTHESIS ESTIMATE.
      FOR ACCURATE TIMING INFORMATION PLEASE REFER TO THE TRACE REPORT
      GENERATED AFTER PLACE-and-ROUTE.

Clock Information:
------------------
-----------------------------------+------------------------+-------+
Clock Signal                       | Clock buffer(FF name)  | Load  |
-----------------------------------+------------------------+-------+
clk                                | BUFGP                  | 50    |
-----------------------------------+------------------------+-------+

Asynchronous Control Signals Information:
----------------------------------------
-----------------------------------+------------------------+-------+
Control Signal                     | Buffer(FF name)        | Load  |
-----------------------------------+------------------------+-------+
reset                              | IBUF                   | 4     |
-----------------------------------+------------------------+-------+

Timing Summary:
---------------
Speed Grade: -5

   Minimum period: 4.736ns (Maximum Frequency: 211.129MHz)
   Minimum input arrival time before clock: 4.989ns
   Maximum output required time after clock: 8.355ns
   Maximum combinational path delay: No path found

Timing Detail:
--------------
All values displayed in nanoseconds (ns)

=========================================================================
Timing constraint: Default period analysis for Clock 'clk'
  Clock period: 4.736ns (frequency: 211.129MHz)
  Total number of paths / destination ports: 514 / 79
-------------------------------------------------------------------------
Delay:               4.736ns (Levels of Logic = 17)
  Source:            DIVIDER/kiloHzClock/current_count_0 (FF)
  Destination:       DIVIDER/kiloHzClock/current_count_14 (FF)
  Source Clock:      clk rising
  Destination Clock: clk rising

  Data Path: DIVIDER/kiloHzClock/current_count_0 to DIVIDER/kiloHzClock/current_count_14
                                Gate     Net
    Cell:in->out      fanout   Delay   Delay  Logical Name (Net Name)
    ----------------------------------------  ------------
     FDS:C->Q              2   0.514   0.532  DIVIDER/kiloHzClock/current_count_0 (DIVIDER/kiloHzClock/current_count_0)
     LUT1:I0->O            1   0.612   0.000  DIVIDER/kiloHzClock/Mcount_current_count_cy<0>_rt (DIVIDER/kiloHzClock/Mcount_current_count_cy<0>_rt)
     MUXCY:S->O            1   0.404   0.000  DIVIDER/kiloHzClock/Mcount_current_count_cy<0> (DIVIDER/kiloHzClock/Mcount_current_count_cy<0>)
     MUXCY:CI->O           1   0.052   0.000  DIVIDER/kiloHzClock/Mcount_current_count_cy<1> (DIVIDER/kiloHzClock/Mcount_current_count_cy<1>)
     MUXCY:CI->O           1   0.052   0.000  DIVIDER/kiloHzClock/Mcount_current_count_cy<2> (DIVIDER/kiloHzClock/Mcount_current_count_cy<2>)
     MUXCY:CI->O           1   0.052   0.000  DIVIDER/kiloHzClock/Mcount_current_count_cy<3> (DIVIDER/kiloHzClock/Mcount_current_count_cy<3>)
     MUXCY:CI->O           1   0.052   0.000  DIVIDER/kiloHzClock/Mcount_current_count_cy<4> (DIVIDER/kiloHzClock/Mcount_current_count_cy<4>)
     MUXCY:CI->O           1   0.052   0.000  DIVIDER/kiloHzClock/Mcount_current_count_cy<5> (DIVIDER/kiloHzClock/Mcount_current_count_cy<5>)
     MUXCY:CI->O           1   0.052   0.000  DIVIDER/kiloHzClock/Mcount_current_count_cy<6> (DIVIDER/kiloHzClock/Mcount_current_count_cy<6>)
     MUXCY:CI->O           1   0.052   0.000  DIVIDER/kiloHzClock/Mcount_current_count_cy<7> (DIVIDER/kiloHzClock/Mcount_current_count_cy<7>)
     MUXCY:CI->O           1   0.052   0.000  DIVIDER/kiloHzClock/Mcount_current_count_cy<8> (DIVIDER/kiloHzClock/Mcount_current_count_cy<8>)
     MUXCY:CI->O           1   0.052   0.000  DIVIDER/kiloHzClock/Mcount_current_count_cy<9> (DIVIDER/kiloHzClock/Mcount_current_count_cy<9>)
     MUXCY:CI->O           1   0.052   0.000  DIVIDER/kiloHzClock/Mcount_current_count_cy<10> (DIVIDER/kiloHzClock/Mcount_current_count_cy<10>)
     MUXCY:CI->O           1   0.052   0.000  DIVIDER/kiloHzClock/Mcount_current_count_cy<11> (DIVIDER/kiloHzClock/Mcount_current_count_cy<11>)
     MUXCY:CI->O           1   0.052   0.000  DIVIDER/kiloHzClock/Mcount_current_count_cy<12> (DIVIDER/kiloHzClock/Mcount_current_count_cy<12>)
     MUXCY:CI->O           0   0.052   0.000  DIVIDER/kiloHzClock/Mcount_current_count_cy<13> (DIVIDER/kiloHzClock/Mcount_current_count_cy<13>)
     XORCY:CI->O           1   0.699   0.426  DIVIDER/kiloHzClock/Mcount_current_count_xor<14> (Result<14>)
     LUT2:I1->O            1   0.612   0.000  DIVIDER/kiloHzClock/Mcount_current_count_eqn_141 (DIVIDER/kiloHzClock/Mcount_current_count_eqn_14)
     FDR:D                     0.268          DIVIDER/kiloHzClock/current_count_14
    ----------------------------------------
    Total                      4.736ns (3.779ns logic, 0.958ns route)
                                       (79.8% logic, 20.2% route)

=========================================================================
Timing constraint: Default OFFSET IN BEFORE for Clock 'clk'
  Total number of paths / destination ports: 46 / 46
-------------------------------------------------------------------------
Offset:              4.989ns (Levels of Logic = 3)
  Source:            reset (PAD)
  Destination:       DIVIDER/tenHzClock/i_zero (FF)
  Destination Clock: clk rising

  Data Path: reset to DIVIDER/tenHzClock/i_zero
                                Gate     Net
    Cell:in->out      fanout   Delay   Delay  Logical Name (Net Name)
    ----------------------------------------  ------------
     IBUF:I->O            50   1.106   1.147  reset_IBUF (reset_IBUF)
     LUT3:I1->O            1   0.612   0.360  DIVIDER/tenHzClock/i_zero_or000010 (DIVIDER/tenHzClock/i_zero_or000010)
     LUT4:I3->O            1   0.612   0.357  DIVIDER/tenHzClock/i_zero_or000017 (DIVIDER/tenHzClock/i_zero_or0000)
     FDR:R                     0.795          DIVIDER/tenHzClock/i_zero
    ----------------------------------------
    Total                      4.989ns (3.125ns logic, 1.864ns route)
                                       (62.6% logic, 37.4% route)

=========================================================================
Timing constraint: Default OFFSET OUT AFTER for Clock 'clk'
  Total number of paths / destination ports: 344 / 12
-------------------------------------------------------------------------
Offset:              8.355ns (Levels of Logic = 5)
  Source:            SELECTOR/q_0 (FF)
  Destination:       CA (PAD)
  Source Clock:      clk rising

  Data Path: SELECTOR/q_0 to CA
                                Gate     Net
    Cell:in->out      fanout   Delay   Delay  Logical Name (Net Name)
    ----------------------------------------  ------------
     FDCE:C->Q             9   0.514   0.849  SELECTOR/q_0 (SELECTOR/q_0)
     LUT2:I0->O            6   0.612   0.599  digit_to_display<2>20 (digit_to_display<0>20)
     LUT3:I2->O            1   0.612   0.000  digit_to_display<1>64_G (N21)
     MUXF5:I1->O           7   0.278   0.754  digit_to_display<1>64 (digit_to_display<1>)
     LUT4:I0->O            1   0.612   0.357  SEGMENT/CB1 (CB_OBUF)
     OBUF:I->O                 3.169          CB_OBUF (CB)
    ----------------------------------------
    Total                      8.355ns (5.797ns logic, 2.558ns route)
                                       (69.4% logic, 30.6% route)

=========================================================================


Total REAL time to Xst completion: 3.00 secs
Total CPU time to Xst completion: 3.63 secs
 
--> 

Total memory usage is 261928 kilobytes

Number of errors   :    0 (   0 filtered)
Number of warnings :   10 (   0 filtered)
Number of infos    :    0 (   0 filtered)

