Command line:
   tb_selector_isim_beh.exe
     -simmode  gui
     -simrunnum  0
     -socket  61861

Tue Feb 03 16:52:30 2015


 Elaboration Time: 0.093601 sec

 Current Memory Usage: 1317.55 Meg

 Total Signals          : 10
 Total Nets             : 15
 Total Signal Drivers   : 12
 Total Blocks           : 3
 Total Primitive Blocks : 2
 Total Processes        : 12
 Total Traceable Variables  : 9
 Total Scalar Nets and Variables : 376
Total Line Count : 32

 Total Simulation Time: 0.109201 sec

 Current Memory Usage: 1474.8 Meg

Tue Feb 03 16:53:20 2015

