Command line:
   tb_decoded_keyboard_isim_beh.exe
     -simmode  gui
     -simrunnum  0
     -socket  61860

Tue Mar 10 17:21:41 2015


 Elaboration Time: 0.078001 sec

 Current Memory Usage: 1313.56 Meg

 Total Signals          : 51
 Total Nets             : 107
 Total Signal Drivers   : 38
 Total Blocks           : 6
 Total Primitive Blocks : 4
 Total Processes        : 14
 Total Traceable Variables  : 18
 Total Scalar Nets and Variables : 535
Total Line Count : 290

 Total Simulation Time: 0.624004 sec

 Current Memory Usage: 684.384 Meg

Tue Mar 10 17:30:40 2015

